#
# There is insufficient memory for the Java Runtime Environment to continue.
# Native memory allocation (malloc) failed to allocate 131536 bytes for Chunk::new
# Possible reasons:
#   The system is out of physical RAM or swap space
#   In 32 bit mode, the process size limit was hit
# Possible solutions:
#   Reduce memory load on the system
#   Increase physical memory or swap space
#   Check if swap backing store is full
#   Use 64 bit Java on a 64 bit OS
#   Decrease Java heap size (-Xmx/-Xms)
#   Decrease number of Java threads
#   Decrease Java thread stack sizes (-Xss)
#   Set larger code cache with -XX:ReservedCodeCacheSize=
# This output file may be truncated or incomplete.
#
#  Out of Memory Error (allocation.cpp:390), pid=18032, tid=0x0000000000001224
#
# JRE version: OpenJDK Runtime Environment (8.0) (build 1.8.0-adoptopenjdk-_2018_05_19_00_59-b00)
# Java VM: OpenJDK 64-Bit Server VM (25.71-b00 mixed mode windows-amd64 compressed oops)
# Failed to write core dump. Minidumps are not enabled by default on client versions of Windows
#

---------------  T H R E A D  ---------------

Current thread (0x000000001e16b000):  JavaThread "C2 CompilerThread0" daemon [_thread_in_native, id=4644, stack(0x000000001f7b0000,0x000000001f8b0000)]

Stack: [0x000000001f7b0000,0x000000001f8b0000]
[error occurred during error reporting (printing stack bounds), id 0xc0000005]

Native frames: (J=compiled Java code, j=interpreted, Vv=VM code, C=native code)


Current CompileTask:
C2:    202  470   !   4       sun.misc.URLClassPath$JarLoader::getResource (85 bytes)


---------------  P R O C E S S  ---------------

Java Threads: ( => current thread )
  0x000000001e1f6000 JavaThread "Service Thread" daemon [_thread_blocked, id=18092, stack(0x000000001fbb0000,0x000000001fcb0000)]
  0x000000001e17b000 JavaThread "C1 CompilerThread3" daemon [_thread_in_native, id=16088, stack(0x000000001fab0000,0x000000001fbb0000)]
  0x000000001e177000 JavaThread "C2 CompilerThread2" daemon [_thread_in_native, id=31824, stack(0x000000001f9b0000,0x000000001fab0000)]
  0x000000001e172000 JavaThread "C2 CompilerThread1" daemon [_thread_blocked, id=24004, stack(0x000000001f8b0000,0x000000001f9b0000)]
=>0x000000001e16b000 JavaThread "C2 CompilerThread0" daemon [_thread_in_native, id=4644, stack(0x000000001f7b0000,0x000000001f8b0000)]
  0x000000001e169800 JavaThread "Attach Listener" daemon [_thread_blocked, id=21948, stack(0x000000001f6b0000,0x000000001f7b0000)]
  0x000000001e168800 JavaThread "Signal Dispatcher" daemon [_thread_blocked, id=29348, stack(0x000000001f5b0000,0x000000001f6b0000)]
  0x000000001e153800 JavaThread "Finalizer" daemon [_thread_blocked, id=27852, stack(0x000000001f3b0000,0x000000001f4b0000)]
  0x000000000336e000 JavaThread "Reference Handler" daemon [_thread_blocked, id=20900, stack(0x000000001f2b0000,0x000000001f3b0000)]
  0x0000000003274800 JavaThread "main" [_thread_in_vm, id=23356, stack(0x0000000003110000,0x0000000003210000)]

Other Threads:
  0x000000001ca75000 VMThread [stack: 0x000000001f1b0000,0x000000001f2b0000] [id=23604]
  0x000000001e200800 WatcherThread [stack: 0x000000001fcb0000,0x000000001fdb0000] [id=32740]

VM state:not at safepoint (normal execution)

VM Mutex/Monitor currently owned by a thread: None

Heap:
 PSYoungGen      total 73728K, used 11436K [0x000000076e180000, 0x0000000773380000, 0x00000007c0000000)
  eden space 63488K, 18% used [0x000000076e180000,0x000000076ecab0c8,0x0000000771f80000)
  from space 10240K, 0% used [0x0000000772980000,0x0000000772980000,0x0000000773380000)
  to   space 10240K, 0% used [0x0000000771f80000,0x0000000771f80000,0x0000000772980000)
 ParOldGen       total 167936K, used 0K [0x00000006ca400000, 0x00000006d4800000, 0x000000076e180000)
  object space 167936K, 0% used [0x00000006ca400000,0x00000006ca400000,0x00000006d4800000)
 Metaspace       used 7889K, capacity 8062K, committed 8320K, reserved 1060864K
  class space    used 950K, capacity 1026K, committed 1152K, reserved 1048576K

Card table byte_map: [0x0000000012730000,0x0000000012ee0000] byte_map_base: 0x000000000f0de000

Marking Bits: (ParMarkBitMap*) 0x000000006c01be50
 Begin Bits: [0x0000000013e00000, 0x0000000017b70000)
 End Bits:   [0x0000000017b70000, 0x000000001b8e0000)

Polling page: 0x0000000001860000

CodeCache: size=245760Kb used=2129Kb max_used=2129Kb free=243630Kb
 bounds [0x0000000003370000, 0x00000000035e0000, 0x0000000012370000]
 total_blobs=812 nmethods=492 adapters=235
 compilation: enabled

Compilation events (10 events):
Event: 0.200 Thread 0x000000001e17b000 nmethod 482 0x0000000003578110 code [0x00000000035782c0, 0x0000000003578848]
Event: 0.200 Thread 0x000000001e17b000  483       3       java.io.DataOutputStream::writeUTF (435 bytes)
Event: 0.200 Thread 0x000000001e17b000 nmethod 483 0x0000000003578ad0 code [0x0000000003578e00, 0x000000000357ad08]
Event: 0.200 Thread 0x000000001e17b000  479       3       java.util.ArrayList::ensureCapacityInternal (13 bytes)
Event: 0.201 Thread 0x000000001e17b000 nmethod 479 0x000000000357bd10 code [0x000000000357bea0, 0x000000000357c228]
Event: 0.201 Thread 0x000000001e17b000  480       3       java.util.ArrayList::calculateCapacity (16 bytes)
Event: 0.201 Thread 0x000000001e17b000 nmethod 480 0x000000000357c390 code [0x000000000357c500, 0x000000000357c730]
Event: 0.201 Thread 0x000000001e17b000  481       3       java.util.ArrayList::ensureExplicitCapacity (26 bytes)
Event: 0.201 Thread 0x000000001e17b000 nmethod 481 0x000000000357c7d0 code [0x000000000357c940, 0x000000000357cb28]
Event: 0.201 Thread 0x000000001e17b000  484       3       java.util.HashMap::resize (359 bytes)

GC Heap History (0 events):
No events

Deoptimization events (1 events):
Event: 0.191 Thread 0x0000000003274800 Uncommon trap: reason=unstable_if action=reinterpret pc=0x000000000353b0bc method=java.lang.String.indexOf([CII[CIII)I @ 3

Classes redefined (0 events):
No events

Internal exceptions (10 events):
Event: 0.183 Thread 0x0000000003274800 Exception <a 'sun/nio/fs/WindowsException'> (0x000000076ebb3b40) thrown at [C:\Users\jenkins\workspace\openjdk8_build_x86-64_windows\openjdk\hotspot\src\share\vm\prims\jni.cpp, line 709]
Event: 0.183 Thread 0x0000000003274800 Exception <a 'sun/nio/fs/WindowsException'> (0x000000076ebb4278) thrown at [C:\Users\jenkins\workspace\openjdk8_build_x86-64_windows\openjdk\hotspot\src\share\vm\prims\jni.cpp, line 709]
Event: 0.183 Thread 0x0000000003274800 Exception <a 'sun/nio/fs/WindowsException'> (0x000000076ebb4e80) thrown at [C:\Users\jenkins\workspace\openjdk8_build_x86-64_windows\openjdk\hotspot\src\share\vm\prims\jni.cpp, line 709]
Event: 0.183 Thread 0x0000000003274800 Exception <a 'sun/nio/fs/WindowsException'> (0x000000076ebb55f0) thrown at [C:\Users\jenkins\workspace\openjdk8_build_x86-64_windows\openjdk\hotspot\src\share\vm\prims\jni.cpp, line 709]
Event: 0.183 Thread 0x0000000003274800 Exception <a 'sun/nio/fs/WindowsException'> (0x000000076ebb84f8) thrown at [C:\Users\jenkins\workspace\openjdk8_build_x86-64_windows\openjdk\hotspot\src\share\vm\prims\jni.cpp, line 709]
Event: 0.183 Thread 0x0000000003274800 Exception <a 'sun/nio/fs/WindowsException'> (0x000000076ebb8c38) thrown at [C:\Users\jenkins\workspace\openjdk8_build_x86-64_windows\openjdk\hotspot\src\share\vm\prims\jni.cpp, line 709]
Event: 0.183 Thread 0x0000000003274800 Exception <a 'sun/nio/fs/WindowsException'> (0x000000076ebb9840) thrown at [C:\Users\jenkins\workspace\openjdk8_build_x86-64_windows\openjdk\hotspot\src\share\vm\prims\jni.cpp, line 709]
Event: 0.183 Thread 0x0000000003274800 Exception <a 'sun/nio/fs/WindowsException'> (0x000000076ebb9fc0) thrown at [C:\Users\jenkins\workspace\openjdk8_build_x86-64_windows\openjdk\hotspot\src\share\vm\prims\jni.cpp, line 709]
Event: 0.191 Thread 0x0000000003274800 Exception <a 'java/lang/ClassNotFoundException': com/sun/org/glassfish/hk2/osgiresourcelocator/ServiceLoader> (0x000000076ec0e300) thrown at [C:\Users\jenkins\workspace\openjdk8_build_x86-64_windows\openjdk\hotspot\src\share\vm\classfile\systemDictionary.
Event: 0.194 Thread 0x0000000003274800 Exception <a 'java/lang/NullPointerException'> (0x000000076ec250f0) thrown at [C:\Users\jenkins\workspace\openjdk8_build_x86-64_windows\openjdk\hotspot\src\share\vm\interpreter\linkResolver.cpp, line 1287]

Events (10 events):
Event: 0.201 loading class javax/xml/bind/annotation/XmlType done
Event: 0.201 loading class com/sun/xml/internal/bind/v2/model/annotation/XmlTypeQuick done
Event: 0.201 loading class com/sun/xml/internal/bind/v2/model/annotation/XmlValueQuick
Event: 0.201 loading class javax/xml/bind/annotation/XmlValue
Event: 0.201 loading class javax/xml/bind/annotation/XmlValue done
Event: 0.201 loading class com/sun/xml/internal/bind/v2/model/annotation/XmlValueQuick done
Event: 0.201 loading class com/sun/xml/internal/bind/v2/model/annotation/SecureLoader
Event: 0.201 loading class com/sun/xml/internal/bind/v2/model/annotation/SecureLoader done
Event: 0.201 loading class java/lang/reflect/Proxy$Key2
Event: 0.201 loading class java/lang/reflect/Proxy$Key2 done


Dynamic libraries:
0x00007ff7d1050000 - 0x00007ff7d1085000 	D:\Software\Unity 2021.3.6\2021.3.6f1\Editor\Data\PlaybackEngines\AndroidPlayer\OpenJDK\bin\java.exe
0x00007ffb50830000 - 0x00007ffb50a28000 	C:\Windows\SYSTEM32\ntdll.dll
0x00007ffb4f120000 - 0x00007ffb4f1df000 	C:\Windows\System32\KERNEL32.DLL
0x00007ffb4df10000 - 0x00007ffb4e206000 	C:\Windows\System32\KERNELBASE.dll
0x00007ffb4fc50000 - 0x00007ffb4fcff000 	C:\Windows\System32\ADVAPI32.dll
0x00007ffb50000000 - 0x00007ffb5009e000 	C:\Windows\System32\msvcrt.dll
0x00007ffb4f670000 - 0x00007ffb4f70c000 	C:\Windows\System32\sechost.dll
0x00007ffb4fe40000 - 0x00007ffb4ff66000 	C:\Windows\System32\RPCRT4.dll
0x00007ffb4ed80000 - 0x00007ffb4ef1d000 	C:\Windows\System32\USER32.dll
0x00007ffb4e7b0000 - 0x00007ffb4e7d2000 	C:\Windows\System32\win32u.dll
0x00007ffb4ff70000 - 0x00007ffb4ff9c000 	C:\Windows\System32\GDI32.dll
0x00007ffb4e380000 - 0x00007ffb4e495000 	C:\Windows\System32\gdi32full.dll
0x00007ffb4e4a0000 - 0x00007ffb4e53d000 	C:\Windows\System32\msvcp_win.dll
0x00007ffb4e210000 - 0x00007ffb4e310000 	C:\Windows\System32\ucrtbase.dll
0x00007ffb36a40000 - 0x00007ffb36cda000 	C:\Windows\WinSxS\amd64_microsoft.windows.common-controls_6595b64144ccf1df_6.0.19041.1110_none_60b5254171f9507e\COMCTL32.dll
0x00007ffb4f7f0000 - 0x00007ffb4f820000 	C:\Windows\System32\IMM32.DLL
0x000000006c0a0000 - 0x000000006c172000 	D:\Software\Unity 2021.3.6\2021.3.6f1\Editor\Data\PlaybackEngines\AndroidPlayer\OpenJDK\jre\bin\msvcr100.dll
0x000000006b850000 - 0x000000006c099000 	D:\Software\Unity 2021.3.6\2021.3.6f1\Editor\Data\PlaybackEngines\AndroidPlayer\OpenJDK\jre\bin\server\jvm.dll
0x00007ffb4f7e0000 - 0x00007ffb4f7e8000 	C:\Windows\System32\PSAPI.DLL
0x00007ffb361f0000 - 0x00007ffb361f9000 	C:\Windows\SYSTEM32\WSOCK32.dll
0x00007ffb42410000 - 0x00007ffb42437000 	C:\Windows\SYSTEM32\WINMM.dll
0x00007ffb460f0000 - 0x00007ffb460fa000 	C:\Windows\SYSTEM32\VERSION.dll
0x00007ffb4f920000 - 0x00007ffb4f98b000 	C:\Windows\System32\WS2_32.dll
0x00007ffb48be0000 - 0x00007ffb48bef000 	D:\Software\Unity 2021.3.6\2021.3.6f1\Editor\Data\PlaybackEngines\AndroidPlayer\OpenJDK\jre\bin\verify.dll
0x00007ffb48bb0000 - 0x00007ffb48bd9000 	D:\Software\Unity 2021.3.6\2021.3.6f1\Editor\Data\PlaybackEngines\AndroidPlayer\OpenJDK\jre\bin\java.dll
0x00007ffb48ae0000 - 0x00007ffb48af6000 	D:\Software\Unity 2021.3.6\2021.3.6f1\Editor\Data\PlaybackEngines\AndroidPlayer\OpenJDK\jre\bin\zip.dll
0x00007ffb500a0000 - 0x00007ffb507e4000 	C:\Windows\System32\SHELL32.dll
0x00007ffb4bfd0000 - 0x00007ffb4c763000 	C:\Windows\SYSTEM32\windows.storage.dll
0x00007ffb4e8f0000 - 0x00007ffb4ec44000 	C:\Windows\System32\combase.dll
0x00007ffb4d900000 - 0x00007ffb4d92e000 	C:\Windows\SYSTEM32\Wldp.dll
0x00007ffb4fd00000 - 0x00007ffb4fdad000 	C:\Windows\System32\SHCORE.dll
0x00007ffb4f990000 - 0x00007ffb4f9e5000 	C:\Windows\System32\shlwapi.dll
0x00007ffb4de50000 - 0x00007ffb4de6f000 	C:\Windows\SYSTEM32\profapi.dll
0x00007ffb43530000 - 0x00007ffb4354a000 	D:\Software\Unity 2021.3.6\2021.3.6f1\Editor\Data\PlaybackEngines\AndroidPlayer\OpenJDK\jre\bin\net.dll
0x00007ffb4d660000 - 0x00007ffb4d6ca000 	C:\Windows\system32\mswsock.dll
0x00007ffb43510000 - 0x00007ffb43521000 	D:\Software\Unity 2021.3.6\2021.3.6f1\Editor\Data\PlaybackEngines\AndroidPlayer\OpenJDK\jre\bin\nio.dll

VM Arguments:
jvm_args: -Dfile.encoding=UTF-8 -Dcom.android.sdkmanager.toolsdir=D:\Software\Unity 2021.3.6\2021.3.6f1\Editor\Data\PlaybackEngines\AndroidPlayer\SDK\tools\bin\\.. 
java_command: com.android.sdklib.tool.AvdManagerCli list target -c
java_class_path (initial): D:\Software\Unity 2021.3.6\2021.3.6f1\Editor\Data\PlaybackEngines\AndroidPlayer\SDK\tools\bin\..\lib\dvlib-26.0.0-dev.jar;D:\Software\Unity 2021.3.6\2021.3.6f1\Editor\Data\PlaybackEngines\AndroidPlayer\SDK\tools\bin\..\lib\jimfs-1.1.jar;D:\Software\Unity 2021.3.6\2021.3.6f1\Editor\Data\PlaybackEngines\AndroidPlayer\SDK\tools\bin\..\lib\jsr305-1.3.9.jar;D:\Software\Unity 2021.3.6\2021.3.6f1\Editor\Data\PlaybackEngines\AndroidPlayer\SDK\tools\bin\..\lib\repository-26.0.0-dev.jar;D:\Software\Unity 2021.3.6\2021.3.6f1\Editor\Data\PlaybackEngines\AndroidPlayer\SDK\tools\bin\..\lib\j2objc-annotations-1.1.jar;D:\Software\Unity 2021.3.6\2021.3.6f1\Editor\Data\PlaybackEngines\AndroidPlayer\SDK\tools\bin\..\lib\layoutlib-api-26.0.0-dev.jar;D:\Software\Unity 2021.3.6\2021.3.6f1\Editor\Data\PlaybackEngines\AndroidPlayer\SDK\tools\bin\..\lib\gson-2.3.jar;D:\Software\Unity 2021.3.6\2021.3.6f1\Editor\Data\PlaybackEngines\AndroidPlayer\SDK\tools\bin\..\lib\httpcore-4.2.5.jar;D:\Software\Unity 2021.3.6\2021.3.6f1\Editor\Data\PlaybackEngines\AndroidPlayer\SDK\tools\bin\..\lib\commons-logging-1.1.1.jar;D:\Software\Unity 2021.3.6\2021.3.6f1\Editor\Data\PlaybackEngines\AndroidPlayer\SDK\tools\bin\..\lib\commons-compress-1.12.jar;D:\Software\Unity 2021.3.6\2021.3.6f1\Editor\Data\PlaybackEngines\AndroidPlayer\SDK\tools\bin\..\lib\annotations-26.0.0-dev.jar;D:\Software\Unity 2021.3.6\2021.3.6f1\Editor\Data\PlaybackEngines\AndroidPlayer\SDK\tools\bin\..\lib\error_prone_annotations-2.0.18.jar;D:\Software\Unity 2021.3.6\2021.3.6f1\Editor\Data\PlaybackEngines\AndroidPlayer\SDK\tools\bin\..\lib\animal-sniffer-annotations-1.14.jar;D:\Software\Unity 2021.3.6\2021.3.6f1\Editor\Data\PlaybackEngines\AndroidPlayer\SDK\tools\bin\..\lib\httpclient-4.2.6.jar;D:\Software\Unity 2021.3.6\2021.3.6f1\Editor\Data\PlaybackEngines\AndroidPlayer\SDK\tools\bin\..\lib\commons-codec-1.6.jar;D:\Software\Unity 2021.3.6\2021.3.6f1\Editor\Data\PlaybackEngines\AndroidPlayer\SDK\tools\bin\..\
Launcher Type: SUN_STANDARD

Environment Variables:
JAVA_HOME=D:/Software/Unity 2021.3.6/2021.3.6f1/Editor/Data/PlaybackEngines/AndroidPlayer\OpenJDK
JAVA_TOOL_OPTIONS=-Dfile.encoding=UTF-8
PATH=C:\Program Files (x86)\NVIDIA Corporation\PhysX\Common;C:\Windows\system32;C:\Windows;C:\Windows\System32\Wbem;C:\Windows\System32\WindowsPowerShell\v1.0\;C:\Windows\System32\OpenSSH\;C:\Program Files\Microsoft SQL Server\130\Tools\Binn\;C:\Program Files\Git\cmd;C:\Program Files\dotnet\;C:\Users\Acer\AppData\Local\Microsoft\WindowsApps;C:\Users\Acer\AppData\Local\GitHubDesktop\bin
USERNAME=Acer
OS=Windows_NT
PROCESSOR_IDENTIFIER=AMD64 Family 25 Model 80 Stepping 0, AuthenticAMD



---------------  S Y S T E M  ---------------

OS: Windows 10.0 , 64 bit Build 19041 (10.0.19041.2913)

CPU:total 12 (initial active 12) (12 cores per cpu, 1 threads per core) family 25 model 80 stepping 0, cmov, cx8, fxsr, mmx, sse, sse2, sse3, ssse3, sse4.1, sse4.2, popcnt, avx, avx2, aes, clmul, erms, mmxext, 3dnowpref, lzcnt, sse4a, tsc, tscinvbit, tscinv, bmi1

Memory: 4k page, physical 16101436k(1205852k free), swap 29254484k(5452k free)

vm_info: OpenJDK 64-Bit Server VM (25.71-b00) for windows-amd64 JRE (1.8.0-adoptopenjdk-_2018_05_19_00_59-b00), built on May 19 2018 01:02:12 by "jenkins" with MS VC++ 10.0 (VS2010)

time: Fri Jun 09 17:22:18 2023
elapsed time: 0 seconds (0d 0h 0m 0s)

